<?xml version="1.0" encoding="UTF-8"?>
<testsuite xmlns:xsi="http://www.w3.org/2001/XMLSchema-instance" xsi:noNamespaceSchemaLocation="https://maven.apache.org/surefire/maven-surefire-plugin/xsd/surefire-test-report-3.0.xsd" version="3.0" name="EciPixels.EciPixelsApplicationTests" time="17.415" tests="4" errors="0" skipped="0" failures="0">
  <properties>
[...]
</properties>
  <testcase name="testGetBoard" classname="EciPixels.EciPixelsApplicationTests" time="1.749">
    <system-out><![CDATA[20:17:49.363 [main] DEBUG org.springframework.test.context.BootstrapUtils - Instantiating CacheAwareContextLoaderDelegate from class [org.springframework.test.context.cache.DefaultCacheAwareContextLoaderDelegate]
20:17:49.399 [main] DEBUG org.springframework.test.context.BootstrapUtils - Instantiating BootstrapContext using constructor [public org.springframework.test.context.support.DefaultBootstrapContext(java.lang.Class,org.springframework.test.context.CacheAwareContextLoaderDelegate)]
20:17:49.585 [main] DEBUG org.springframework.test.context.BootstrapUtils - Instantiating TestContextBootstrapper for test class [EciPixels.EciPixelsApplicationTests] from class [org.springframework.boot.test.context.SpringBootTestContextBootstrapper]
20:17:49.626 [main] INFO org.springframework.boot.test.context.SpringBootTestContextBootstrapper - Neither @ContextConfiguration nor @ContextHierarchy found for test class [EciPixels.EciPixelsApplicationTests], using SpringBootContextLoader
20:17:49.637 [main] DEBUG org.springframework.test.context.support.AbstractContextLoader - Did not detect default resource location for test class [EciPixels.EciPixelsApplicationTests]: class path resource [EciPixels/EciPixelsApplicationTests-context.xml] does not exist
20:17:49.637 [main] DEBUG org.springframework.test.context.support.AbstractContextLoader - Did not detect default resource location for test class [EciPixels.EciPixelsApplicationTests]: class path resource [EciPixels/EciPixelsApplicationTestsContext.groovy] does not exist
20:17:49.638 [main] INFO org.springframework.test.context.support.AbstractContextLoader - Could not detect default resource locations for test class [EciPixels.EciPixelsApplicationTests]: no resource found for suffixes {-context.xml, Context.groovy}.
20:17:49.798 [main] DEBUG org.springframework.test.context.support.ActiveProfilesUtils - Could not find an 'annotation declaring class' for annotation type [org.springframework.test.context.ActiveProfiles] and class [EciPixels.EciPixelsApplicationTests]
20:17:50.189 [main] DEBUG org.springframework.boot.test.context.SpringBootTestContextBootstrapper - @TestExecutionListeners is not present for class [EciPixels.EciPixelsApplicationTests]: using defaults.
20:17:50.190 [main] INFO org.springframework.boot.test.context.SpringBootTestContextBootstrapper - Loaded default TestExecutionListener class names from location [META-INF/spring.factories]: [org.springframework.boot.test.mock.mockito.MockitoTestExecutionListener, org.springframework.boot.test.mock.mockito.ResetMocksTestExecutionListener, org.springframework.boot.test.autoconfigure.restdocs.RestDocsTestExecutionListener, org.springframework.boot.test.autoconfigure.web.client.MockRestServiceServerResetTestExecutionListener, org.springframework.boot.test.autoconfigure.web.servlet.MockMvcPrintOnlyOnFailureTestExecutionListener, org.springframework.boot.test.autoconfigure.web.servlet.WebDriverTestExecutionListener, org.springframework.boot.test.autoconfigure.webservices.client.MockWebServiceServerTestExecutionListener, org.springframework.test.context.web.ServletTestExecutionListener, org.springframework.test.context.support.DirtiesContextBeforeModesTestExecutionListener, org.springframework.test.context.event.ApplicationEventsTestExecutionListener, org.springframework.test.context.support.DependencyInjectionTestExecutionListener, org.springframework.test.context.support.DirtiesContextTestExecutionListener, org.springframework.test.context.transaction.TransactionalTestExecutionListener, org.springframework.test.context.jdbc.SqlScriptsTestExecutionListener, org.springframework.test.context.event.EventPublishingTestExecutionListener]
20:17:50.270 [main] INFO org.springframework.boot.test.context.SpringBootTestContextBootstrapper - Using TestExecutionListeners: [org.springframework.test.context.web.ServletTestExecutionListener@332729ad, org.springframework.test.context.support.DirtiesContextBeforeModesTestExecutionListener@75d2da2d, org.springframework.test.context.event.ApplicationEventsTestExecutionListener@4278284b, org.springframework.boot.test.mock.mockito.MockitoTestExecutionListener@9573584, org.springframework.boot.test.autoconfigure.SpringBootDependencyInjectionTestExecutionListener@3370f42, org.springframework.test.context.support.DirtiesContextTestExecutionListener@6057aebb, org.springframework.test.context.transaction.TransactionalTestExecutionListener@63eef88a, org.springframework.test.context.jdbc.SqlScriptsTestExecutionListener@53251a66, org.springframework.test.context.event.EventPublishingTestExecutionListener@6853425f, org.springframework.boot.test.mock.mockito.ResetMocksTestExecutionListener@352c1b98, org.springframework.boot.test.autoconfigure.restdocs.RestDocsTestExecutionListener@21129f1f, org.springframework.boot.test.autoconfigure.web.client.MockRestServiceServerResetTestExecutionListener@5a9f4771, org.springframework.boot.test.autoconfigure.web.servlet.MockMvcPrintOnlyOnFailureTestExecutionListener@282cb7c7, org.springframework.boot.test.autoconfigure.web.servlet.WebDriverTestExecutionListener@7d898981, org.springframework.boot.test.autoconfigure.webservices.client.MockWebServiceServerTestExecutionListener@48d61b48]
20:17:50.292 [main] DEBUG org.springframework.test.context.support.AbstractDirtiesContextTestExecutionListener - Before test class: context [DefaultTestContext@573906eb testClass = EciPixelsApplicationTests, testInstance = [null], testMethod = [null], testException = [null], mergedContextConfiguration = [WebMergedContextConfiguration@479ceda0 testClass = EciPixelsApplicationTests, locations = '{}', classes = '{class edu.eci.arsw.EciPixelsApplication}', contextInitializerClasses = '[]', activeProfiles = '{}', propertySourceLocations = '{}', propertySourceProperties = '{org.springframework.boot.test.context.SpringBootTestContextBootstrapper=true}', contextCustomizers = set[org.springframework.boot.test.context.filter.ExcludeFilterContextCustomizer@50b5ac82, org.springframework.boot.test.json.DuplicateJsonObjectContextCustomizerFactory$DuplicateJsonObjectContextCustomizer@3059cbc, org.springframework.boot.test.mock.mockito.MockitoContextCustomizer@0, org.springframework.boot.test.web.client.TestRestTemplateContextCustomizer@1b1426f4, org.springframework.boot.test.autoconfigure.actuate.metrics.MetricsExportContextCustomizerFactory$DisableMetricExportContextCustomizer@71238fc2, org.springframework.boot.test.autoconfigure.properties.PropertyMappingContextCustomizer@0, org.springframework.boot.test.autoconfigure.web.servlet.WebDriverContextCustomizerFactory$Customizer@6283d8b8, org.springframework.boot.test.context.SpringBootTestArgs@1, org.springframework.boot.test.context.SpringBootTestWebEnvironment@2353b3e6], resourceBasePath = 'src/main/webapp', contextLoader = 'org.springframework.boot.test.context.SpringBootContextLoader', parent = [null]], attributes = map['org.springframework.test.context.web.ServletTestExecutionListener.activateListener' -> true]], class annotated with @DirtiesContext [false] with mode [null].
20:17:50.476 [main] DEBUG org.springframework.boot.ApplicationServletEnvironment - Activating profiles []
20:17:50.477 [main] DEBUG org.springframework.test.context.support.TestPropertySourceUtils - Adding inlined properties to environment: {spring.jmx.enabled=false, org.springframework.boot.test.context.SpringBootTestContextBootstrapper=true}

  .   ____          _            __ _ _
 /\\ / ___'_ __ _ _(_)_ __  __ _ \ \ \ \
( ( )\___ | '_ | '_| | '_ \/ _` | \ \ \ \
 \\/  ___)| |_)| | | | | || (_| |  ) ) ) )
  '  |____| .__|_| |_|_| |_\__, | / / / /
 =========|_|==============|___/=/_/_/_/
 :: Spring Boot ::                (v2.6.2)

2024-05-17 20:17:51.076  INFO 11510 --- [           main] EciPixels.EciPixelsApplicationTests      : Starting EciPixelsApplicationTests using Java 20.0.2 on 192.168.80.18 with PID 11510 (started by andresfelipe in /Volumes/ANDRESFAA/Proyecto ARSW/Ecipixels-Backend)
2024-05-17 20:17:51.077  INFO 11510 --- [           main] EciPixels.EciPixelsApplicationTests      : No active profile set, falling back to default profiles: default
2024-05-17 20:17:52.341  INFO 11510 --- [           main] .s.d.r.c.RepositoryConfigurationDelegate : Multiple Spring Data modules found, entering strict repository configuration mode!
2024-05-17 20:17:52.343  INFO 11510 --- [           main] .s.d.r.c.RepositoryConfigurationDelegate : Bootstrapping Spring Data Redis repositories in DEFAULT mode.
2024-05-17 20:17:52.996  INFO 11510 --- [           main] .s.d.r.c.RepositoryConfigurationDelegate : Finished Spring Data repository scanning in 612 ms. Found 2 Redis repository interfaces.
2024-05-17 20:18:00.374  INFO 11510 --- [           main] o.s.m.s.b.SimpleBrokerMessageHandler     : Starting...
2024-05-17 20:18:00.374  INFO 11510 --- [           main] o.s.m.s.b.SimpleBrokerMessageHandler     : BrokerAvailabilityEvent[available=true, SimpleBrokerMessageHandler [org.springframework.messaging.simp.broker.DefaultSubscriptionRegistry@2fc40856]]
2024-05-17 20:18:00.375  INFO 11510 --- [           main] o.s.m.s.b.SimpleBrokerMessageHandler     : Started.
2024-05-17 20:18:00.388  INFO 11510 --- [           main] EciPixels.EciPixelsApplicationTests      : Started EciPixelsApplicationTests in 9.909 seconds (JVM running for 12.657)
]]></system-out>
  </testcase>
  <testcase name="testHandleNewPlayer" classname="EciPixels.EciPixelsApplicationTests" time="1.76"/>
  <testcase name="testDeletePlayer" classname="EciPixels.EciPixelsApplicationTests" time="0.015"/>
  <testcase name="testMovePlayer" classname="EciPixels.EciPixelsApplicationTests" time="2.508"/>
</testsuite>